<?xml version="1.0" encoding="UTF-8"?>
<testng-results ignored="0" total="5" passed="5" failed="0" skipped="0">
  <reporter-output>
  </reporter-output>
  <suite started-at="2023-04-28T09:51:37 IST" name="Default suite" finished-at="2023-04-28T09:51:45 IST" duration-ms="7533">
    <groups>
    </groups>
    <test started-at="2023-04-28T09:51:37 IST" name="Default test" finished-at="2023-04-28T09:51:45 IST" duration-ms="7533">
      <class name="TrelloAPI">
        <test-method signature="CreateBoard()[pri:0, instance:TrelloAPI@3e84448c]" started-at="2023-04-28T09:51:37 IST" name="CreateBoard" finished-at="2023-04-28T09:51:41 IST" duration-ms="3433" status="PASS">
          <reporter-output>
          </reporter-output>
        </test-method> <!-- CreateBoard -->
        <test-method signature="GetBoard()[pri:1, instance:TrelloAPI@3e84448c]" started-at="2023-04-28T09:51:41 IST" name="GetBoard" finished-at="2023-04-28T09:51:42 IST" duration-ms="1391" status="PASS">
          <reporter-output>
          </reporter-output>
        </test-method> <!-- GetBoard -->
        <test-method signature="UpdateBoardName()[pri:2, instance:TrelloAPI@3e84448c]" started-at="2023-04-28T09:51:42 IST" name="UpdateBoardName" finished-at="2023-04-28T09:51:43 IST" duration-ms="651" status="PASS">
          <reporter-output>
          </reporter-output>
        </test-method> <!-- UpdateBoardName -->
        <test-method signature="UpdateBoardDesc()[pri:3, instance:TrelloAPI@3e84448c]" started-at="2023-04-28T09:51:43 IST" name="UpdateBoardDesc" finished-at="2023-04-28T09:51:43 IST" duration-ms="679" status="PASS">
          <reporter-output>
          </reporter-output>
        </test-method> <!-- UpdateBoardDesc -->
        <test-method signature="DeleteBoard()[pri:4, instance:TrelloAPI@3e84448c]" started-at="2023-04-28T09:51:43 IST" name="DeleteBoard" finished-at="2023-04-28T09:51:45 IST" duration-ms="1317" status="PASS">
          <reporter-output>
          </reporter-output>
        </test-method> <!-- DeleteBoard -->
      </class> <!-- TrelloAPI -->
    </test> <!-- Default test -->
  </suite> <!-- Default suite -->
</testng-results>
