<?xml version="1.0" encoding="UTF-8"?>
<testng-results ignored="0" total="4" passed="4" failed="0" skipped="0">
  <reporter-output>
  </reporter-output>
  <suite started-at="2023-04-28T18:01:37 IST" name="Default suite" finished-at="2023-04-28T18:01:48 IST" duration-ms="10842">
    <groups>
    </groups>
    <test started-at="2023-04-28T18:01:37 IST" name="Default test" finished-at="2023-04-28T18:01:48 IST" duration-ms="10842">
      <class name="com.simpleBooks.SimpleBooks">
        <test-method signature="Authorization()[pri:0, instance:com.simpleBooks.SimpleBooks@3e84448c]" started-at="2023-04-28T18:01:37 IST" name="Authorization" finished-at="2023-04-28T18:01:43 IST" duration-ms="5903" status="PASS">
          <reporter-output>
          </reporter-output>
        </test-method> <!-- Authorization -->
        <test-method signature="Order()[pri:1, instance:com.simpleBooks.SimpleBooks@3e84448c]" started-at="2023-04-28T18:01:43 IST" name="Order" finished-at="2023-04-28T18:01:45 IST" duration-ms="1639" status="PASS">
          <reporter-output>
          </reporter-output>
        </test-method> <!-- Order -->
        <test-method signature="getOrder()[pri:2, instance:com.simpleBooks.SimpleBooks@3e84448c]" started-at="2023-04-28T18:01:45 IST" name="getOrder" finished-at="2023-04-28T18:01:46 IST" duration-ms="1663" status="PASS">
          <reporter-output>
          </reporter-output>
        </test-method> <!-- getOrder -->
        <test-method signature="deleteOrder()[pri:5, instance:com.simpleBooks.SimpleBooks@3e84448c]" started-at="2023-04-28T18:01:46 IST" name="deleteOrder" finished-at="2023-04-28T18:01:48 IST" duration-ms="1509" status="PASS">
          <reporter-output>
          </reporter-output>
        </test-method> <!-- deleteOrder -->
      </class> <!-- com.simpleBooks.SimpleBooks -->
    </test> <!-- Default test -->
  </suite> <!-- Default suite -->
</testng-results>
