<?xml version="1.0" encoding="UTF-8"?>
<!-- Generated by org.testng.reporters.JUnitXMLReporter -->
<testsuite ignored="0" hostname="DESKTOP-KU0MUL7" failures="0" tests="4" name="Default test" time="10.842" errors="0" timestamp="2023-04-28T18:01:48 IST">
  <testcase classname="com.simpleBooks.SimpleBooks" name="Authorization" time="5.903"/>
  <testcase classname="com.simpleBooks.SimpleBooks" name="Order" time="1.639"/>
  <testcase classname="com.simpleBooks.SimpleBooks" name="getOrder" time="1.663"/>
  <testcase classname="com.simpleBooks.SimpleBooks" name="deleteOrder" time="1.509"/>
</testsuite> <!-- Default test -->
