<?xml version="1.0" encoding="UTF-8"?>
<!-- Generated by org.testng.reporters.JUnitXMLReporter -->
<testsuite ignored="0" hostname="DESKTOP-KU0MUL7" failures="0" tests="5" name="Default test" time="7.533" errors="0" timestamp="2023-04-28T09:51:45 IST">
  <testcase classname="TrelloAPI" name="CreateBoard" time="3.433"/>
  <testcase classname="TrelloAPI" name="GetBoard" time="1.391"/>
  <testcase classname="TrelloAPI" name="UpdateBoardName" time="0.651"/>
  <testcase classname="TrelloAPI" name="UpdateBoardDesc" time="0.679"/>
  <testcase classname="TrelloAPI" name="DeleteBoard" time="1.317"/>
</testsuite> <!-- Default test -->
